<?xml version="1.0" encoding="UTF-8"?>
<!-- Generated by org.testng.reporters.JUnitReportReporter -->
<testsuite hostname="192.168.1.148" failures="0" tests="1" name="MyTestCase" time="3.637" errors="0" timestamp="2024-10-21T19:21:22 GMT+03:00" skipped="0">
  <testcase classname="MyTestCase" name="SignUp" time="3.637"/>
  <system-out/>
</testsuite> <!-- MyTestCase -->
